<?xml version="1.0" encoding="UTF-8"?>
<testsuite name="app.exito.runners.RegistroRunner" tests="0" skipped="0" failures="0" errors="0" timestamp="1970-01-01T00:00:00" hostname="CHMEP97N0KL3" time="0.0">
  <properties/>
  <system-out><![CDATA[]]></system-out>
  <system-err><![CDATA[[Test worker] WARN io.cucumber.core.plugin.SerenityReporter - Feature from file:///C:/Users/jarturot/Documentos/Proyectos/DemoAppExito%20-%20copia%20(2)/src/test/resources/app.exito.features/registro.feature is not under the 'features' directory. Requirements report will not be correctly generated!
[Test worker] INFO  - 

-------------------------------------------------------------------------------------
     _______. _______ .______       _______ .__   __.  __  .___________.____    ____ 
    /       ||   ____||   _  \     |   ____||  \ |  | |  | |           |\   \  /   / 
   |   (----`|  |__   |  |_)  |    |  |__   |   \|  | |  | `---|  |----` \   \/   /  
    \   \    |   __|  |      /     |   __|  |  . `  | |  |     |  |       \_    _/   
.----)   |   |  |____ |  |\  \----.|  |____ |  |\   | |  |     |  |         |  |     
|_______/    |_______|| _| `._____||_______||__| \__| |__|     |__|         |__|    
                                                                                     
 News and tutorials at https://serenity-bdd.info                                     
 Documentation at https://serenity-bdd.github.io                                     
 Test Automation Training and Coaching: https://www.serenity-dojo.com                
 Commercial Support: https://www.serenity-dojo.com/serenity-bdd-enterprise-support   
 Join the Serenity Community on Gitter: https://gitter.im/serenity-bdd/serenity-core 
-------------------------------------------------------------------------------------

[Test worker] INFO  - Test Suite Started: Registrarse en la app de Exito
[Test worker] WARN io.cucumber.core.plugin.SerenityReporter - Feature from file:///C:/Users/jarturot/Documentos/Proyectos/DemoAppExito%20-%20copia%20(2)/src/test/resources/app.exito.features/registro.feature is not under the 'features' directory. Requirements report will not be correctly generated!
[Test worker] INFO  - Test Suite Started: Registrarse en la app de Exito
]]></system-err>
</testsuite>
